Vivado Simulator 2018.1
Copyright 1986-1999, 2001-2017 Xilinx, Inc. All Rights Reserved.
Running: F:/vivado/Vivado/2018.1/bin/unwrapped/win64.o/xelab.exe -wto 0bc4f52e00614b79aac539d5a1417ddf --incr --debug typical --relax --mt 2 -L blk_mem_gen_v8_4_1 -L xil_defaultlib -L unisims_ver -L unimacro_ver -L secureip -L xpm --snapshot BRAM_tb_behav xil_defaultlib.BRAM_tb xil_defaultlib.glbl -log elaborate.log 
Using 2 slave threads.
Starting static elaboration
Completed static elaboration
Starting simulation data flow analysis
Completed simulation data flow analysis
Time Resolution for simulation is 1ps
Compiling module blk_mem_gen_v8_4_1.blk_mem_gen_v8_4_1_output_stage(...
Compiling module blk_mem_gen_v8_4_1.blk_mem_gen_v8_4_1_output_stage(...
Compiling module blk_mem_gen_v8_4_1.blk_mem_gen_v8_4_1_softecc_outpu...
Compiling module blk_mem_gen_v8_4_1.blk_mem_gen_v8_4_1_mem_module(C_...
Compiling module blk_mem_gen_v8_4_1.blk_mem_axi_regs_fwd_v8_4(C_DATA...
Compiling module blk_mem_gen_v8_4_1.blk_mem_gen_v8_4_1(C_ELABORATION...
Compiling module xil_defaultlib.blk_mem_gen_1
Compiling module xil_defaultlib.BRAM
Compiling module xil_defaultlib.BRAM_tb
Compiling module xil_defaultlib.glbl
Built simulation snapshot BRAM_tb_behav
